<?xml version="1.0" encoding="UTF-8"?>
<testng-results ignored="0" total="15" passed="15" failed="0" skipped="0">
  <reporter-output>
  </reporter-output>
  <suite started-at="2024-08-20T16:46:22 GMT" name="flight-reservation-suite" finished-at="2024-08-20T16:46:40 GMT" duration-ms="17646">
    <groups>
    </groups>
    <test started-at="2024-08-20T16:46:22 GMT" name="passenger-count-2" finished-at="2024-08-20T16:46:38 GMT" duration-ms="15540">
      <class name="com.sidgupta.tests.flightreservation.FlightReservationTest">
        <test-method is-config="true" signature="setDriver(org.testng.ITestContext)[pri:0, instance:com.sidgupta.tests.flightreservation.FlightReservationTest@1a72a540]" started-at="2024-08-20T16:46:22 GMT" name="setDriver" finished-at="2024-08-20T16:46:29 GMT" duration-ms="6623" status="PASS">
          <params>
            <param index="0">
              <value>
                <![CDATA[org.testng.TestRunner@3b7d3a38]]>
              </value>
            </param>
          </params>
          <reporter-output>
          </reporter-output>
        </test-method> <!-- setDriver -->
        <test-method is-config="true" signature="setupParameters(java.lang.String)[pri:0, instance:com.sidgupta.tests.flightreservation.FlightReservationTest@1a72a540]" started-at="2024-08-20T16:46:29 GMT" name="setupParameters" finished-at="2024-08-20T16:46:29 GMT" depends-on-methods="com.sidgupta.tests.BaseTest.setDriver" duration-ms="215" status="PASS">
          <params>
            <param index="0">
              <value>
                <![CDATA[test-data/flight-reservation/passenger-count-2.json]]>
              </value>
            </param>
          </params>
          <reporter-output>
          </reporter-output>
        </test-method> <!-- setupParameters -->
        <test-method signature="customerRegistrationTest()[pri:0, instance:com.sidgupta.tests.flightreservation.FlightReservationTest@1a72a540]" started-at="2024-08-20T16:46:29 GMT" name="customerRegistrationTest" finished-at="2024-08-20T16:46:32 GMT" duration-ms="2863" status="PASS">
          <reporter-output>
          </reporter-output>
        </test-method> <!-- customerRegistrationTest -->
        <test-method signature="goToFlightSearchTest()[pri:0, instance:com.sidgupta.tests.flightreservation.FlightReservationTest@1a72a540]" started-at="2024-08-20T16:46:32 GMT" name="goToFlightSearchTest" finished-at="2024-08-20T16:46:32 GMT" depends-on-methods="com.sidgupta.tests.flightreservation.FlightReservationTest.customerRegistrationTest" duration-ms="116" status="PASS">
          <reporter-output>
          </reporter-output>
        </test-method> <!-- goToFlightSearchTest -->
        <test-method signature="searchFlightTest()[pri:0, instance:com.sidgupta.tests.flightreservation.FlightReservationTest@1a72a540]" started-at="2024-08-20T16:46:32 GMT" name="searchFlightTest" finished-at="2024-08-20T16:46:35 GMT" depends-on-methods="com.sidgupta.tests.flightreservation.FlightReservationTest.goToFlightSearchTest" duration-ms="2463" status="PASS">
          <reporter-output>
          </reporter-output>
        </test-method> <!-- searchFlightTest -->
        <test-method signature="selectFlightsTest()[pri:0, instance:com.sidgupta.tests.flightreservation.FlightReservationTest@1a72a540]" started-at="2024-08-20T16:46:35 GMT" name="selectFlightsTest" finished-at="2024-08-20T16:46:36 GMT" depends-on-methods="com.sidgupta.tests.flightreservation.FlightReservationTest.searchFlightTest" duration-ms="1100" status="PASS">
          <reporter-output>
          </reporter-output>
        </test-method> <!-- selectFlightsTest -->
        <test-method signature="flightConfirmationTest()[pri:0, instance:com.sidgupta.tests.flightreservation.FlightReservationTest@1a72a540]" started-at="2024-08-20T16:46:36 GMT" name="flightConfirmationTest" finished-at="2024-08-20T16:46:37 GMT" depends-on-methods="com.sidgupta.tests.flightreservation.FlightReservationTest.selectFlightsTest" duration-ms="1267" status="PASS">
          <reporter-output>
          </reporter-output>
        </test-method> <!-- flightConfirmationTest -->
        <test-method is-config="true" signature="tearDown()[pri:0, instance:com.sidgupta.tests.flightreservation.FlightReservationTest@1a72a540]" started-at="2024-08-20T16:46:37 GMT" name="tearDown" finished-at="2024-08-20T16:46:38 GMT" duration-ms="866" status="PASS">
          <reporter-output>
          </reporter-output>
        </test-method> <!-- tearDown -->
      </class> <!-- com.sidgupta.tests.flightreservation.FlightReservationTest -->
    </test> <!-- passenger-count-2 -->
    <test started-at="2024-08-20T16:46:22 GMT" name="passenger-count-1" finished-at="2024-08-20T16:46:40 GMT" duration-ms="17255">
      <class name="com.sidgupta.tests.flightreservation.FlightReservationTest">
        <test-method is-config="true" signature="setDriver(org.testng.ITestContext)[pri:0, instance:com.sidgupta.tests.flightreservation.FlightReservationTest@59d4cd39]" started-at="2024-08-20T16:46:22 GMT" name="setDriver" finished-at="2024-08-20T16:46:29 GMT" duration-ms="6541" status="PASS">
          <params>
            <param index="0">
              <value>
                <![CDATA[org.testng.TestRunner@1046d517]]>
              </value>
            </param>
          </params>
          <reporter-output>
          </reporter-output>
        </test-method> <!-- setDriver -->
        <test-method is-config="true" signature="setupParameters(java.lang.String)[pri:0, instance:com.sidgupta.tests.flightreservation.FlightReservationTest@59d4cd39]" started-at="2024-08-20T16:46:29 GMT" name="setupParameters" finished-at="2024-08-20T16:46:29 GMT" depends-on-methods="com.sidgupta.tests.BaseTest.setDriver" duration-ms="298" status="PASS">
          <params>
            <param index="0">
              <value>
                <![CDATA[test-data/flight-reservation/passenger-count-1.json]]>
              </value>
            </param>
          </params>
          <reporter-output>
          </reporter-output>
        </test-method> <!-- setupParameters -->
        <test-method signature="customerRegistrationTest()[pri:0, instance:com.sidgupta.tests.flightreservation.FlightReservationTest@59d4cd39]" started-at="2024-08-20T16:46:29 GMT" name="customerRegistrationTest" finished-at="2024-08-20T16:46:32 GMT" duration-ms="2856" status="PASS">
          <reporter-output>
          </reporter-output>
        </test-method> <!-- customerRegistrationTest -->
        <test-method signature="goToFlightSearchTest()[pri:0, instance:com.sidgupta.tests.flightreservation.FlightReservationTest@59d4cd39]" started-at="2024-08-20T16:46:32 GMT" name="goToFlightSearchTest" finished-at="2024-08-20T16:46:33 GMT" depends-on-methods="com.sidgupta.tests.flightreservation.FlightReservationTest.customerRegistrationTest" duration-ms="678" status="PASS">
          <reporter-output>
          </reporter-output>
        </test-method> <!-- goToFlightSearchTest -->
        <test-method signature="searchFlightTest()[pri:0, instance:com.sidgupta.tests.flightreservation.FlightReservationTest@59d4cd39]" started-at="2024-08-20T16:46:33 GMT" name="searchFlightTest" finished-at="2024-08-20T16:46:34 GMT" depends-on-methods="com.sidgupta.tests.flightreservation.FlightReservationTest.goToFlightSearchTest" duration-ms="1701" status="PASS">
          <reporter-output>
          </reporter-output>
        </test-method> <!-- searchFlightTest -->
        <test-method signature="selectFlightsTest()[pri:0, instance:com.sidgupta.tests.flightreservation.FlightReservationTest@59d4cd39]" started-at="2024-08-20T16:46:34 GMT" name="selectFlightsTest" finished-at="2024-08-20T16:46:37 GMT" depends-on-methods="com.sidgupta.tests.flightreservation.FlightReservationTest.searchFlightTest" duration-ms="2129" status="PASS">
          <reporter-output>
          </reporter-output>
        </test-method> <!-- selectFlightsTest -->
        <test-method signature="flightConfirmationTest()[pri:0, instance:com.sidgupta.tests.flightreservation.FlightReservationTest@59d4cd39]" started-at="2024-08-20T16:46:37 GMT" name="flightConfirmationTest" finished-at="2024-08-20T16:46:39 GMT" depends-on-methods="com.sidgupta.tests.flightreservation.FlightReservationTest.selectFlightsTest" duration-ms="2237" status="PASS">
          <reporter-output>
          </reporter-output>
        </test-method> <!-- flightConfirmationTest -->
        <test-method is-config="true" signature="tearDown()[pri:0, instance:com.sidgupta.tests.flightreservation.FlightReservationTest@59d4cd39]" started-at="2024-08-20T16:46:39 GMT" name="tearDown" finished-at="2024-08-20T16:46:40 GMT" duration-ms="783" status="PASS">
          <reporter-output>
          </reporter-output>
        </test-method> <!-- tearDown -->
      </class> <!-- com.sidgupta.tests.flightreservation.FlightReservationTest -->
    </test> <!-- passenger-count-1 -->
    <test started-at="2024-08-20T16:46:22 GMT" name="passenger-count-3" finished-at="2024-08-20T16:46:40 GMT" duration-ms="17646">
      <class name="com.sidgupta.tests.flightreservation.FlightReservationTest">
        <test-method is-config="true" signature="configSetup()[pri:0, instance:com.sidgupta.tests.flightreservation.FlightReservationTest@198d6542]" started-at="2024-08-20T16:46:22 GMT" name="configSetup" finished-at="2024-08-20T16:46:22 GMT" duration-ms="17" status="PASS">
          <reporter-output>
          </reporter-output>
        </test-method> <!-- configSetup -->
        <test-method is-config="true" signature="setDriver(org.testng.ITestContext)[pri:0, instance:com.sidgupta.tests.flightreservation.FlightReservationTest@198d6542]" started-at="2024-08-20T16:46:22 GMT" name="setDriver" finished-at="2024-08-20T16:46:29 GMT" duration-ms="6543" status="PASS">
          <params>
            <param index="0">
              <value>
                <![CDATA[org.testng.TestRunner@416c58f5]]>
              </value>
            </param>
          </params>
          <reporter-output>
          </reporter-output>
        </test-method> <!-- setDriver -->
        <test-method is-config="true" signature="setupParameters(java.lang.String)[pri:0, instance:com.sidgupta.tests.flightreservation.FlightReservationTest@198d6542]" started-at="2024-08-20T16:46:29 GMT" name="setupParameters" finished-at="2024-08-20T16:46:29 GMT" depends-on-methods="com.sidgupta.tests.BaseTest.setDriver" duration-ms="296" status="PASS">
          <params>
            <param index="0">
              <value>
                <![CDATA[test-data/flight-reservation/passenger-count-3.json]]>
              </value>
            </param>
          </params>
          <reporter-output>
          </reporter-output>
        </test-method> <!-- setupParameters -->
        <test-method signature="customerRegistrationTest()[pri:0, instance:com.sidgupta.tests.flightreservation.FlightReservationTest@198d6542]" started-at="2024-08-20T16:46:29 GMT" name="customerRegistrationTest" finished-at="2024-08-20T16:46:32 GMT" duration-ms="2871" status="PASS">
          <reporter-output>
          </reporter-output>
        </test-method> <!-- customerRegistrationTest -->
        <test-method signature="goToFlightSearchTest()[pri:0, instance:com.sidgupta.tests.flightreservation.FlightReservationTest@198d6542]" started-at="2024-08-20T16:46:32 GMT" name="goToFlightSearchTest" finished-at="2024-08-20T16:46:33 GMT" depends-on-methods="com.sidgupta.tests.flightreservation.FlightReservationTest.customerRegistrationTest" duration-ms="1236" status="PASS">
          <reporter-output>
          </reporter-output>
        </test-method> <!-- goToFlightSearchTest -->
        <test-method signature="searchFlightTest()[pri:0, instance:com.sidgupta.tests.flightreservation.FlightReservationTest@198d6542]" started-at="2024-08-20T16:46:33 GMT" name="searchFlightTest" finished-at="2024-08-20T16:46:35 GMT" depends-on-methods="com.sidgupta.tests.flightreservation.FlightReservationTest.goToFlightSearchTest" duration-ms="1900" status="PASS">
          <reporter-output>
          </reporter-output>
        </test-method> <!-- searchFlightTest -->
        <test-method signature="selectFlightsTest()[pri:0, instance:com.sidgupta.tests.flightreservation.FlightReservationTest@198d6542]" started-at="2024-08-20T16:46:35 GMT" name="selectFlightsTest" finished-at="2024-08-20T16:46:38 GMT" depends-on-methods="com.sidgupta.tests.flightreservation.FlightReservationTest.searchFlightTest" duration-ms="3236" status="PASS">
          <reporter-output>
          </reporter-output>
        </test-method> <!-- selectFlightsTest -->
        <test-method signature="flightConfirmationTest()[pri:0, instance:com.sidgupta.tests.flightreservation.FlightReservationTest@198d6542]" started-at="2024-08-20T16:46:38 GMT" name="flightConfirmationTest" finished-at="2024-08-20T16:46:39 GMT" depends-on-methods="com.sidgupta.tests.flightreservation.FlightReservationTest.selectFlightsTest" duration-ms="647" status="PASS">
          <reporter-output>
          </reporter-output>
        </test-method> <!-- flightConfirmationTest -->
        <test-method is-config="true" signature="tearDown()[pri:0, instance:com.sidgupta.tests.flightreservation.FlightReservationTest@198d6542]" started-at="2024-08-20T16:46:39 GMT" name="tearDown" finished-at="2024-08-20T16:46:40 GMT" duration-ms="891" status="PASS">
          <reporter-output>
          </reporter-output>
        </test-method> <!-- tearDown -->
      </class> <!-- com.sidgupta.tests.flightreservation.FlightReservationTest -->
    </test> <!-- passenger-count-3 -->
  </suite> <!-- flight-reservation-suite -->
</testng-results>
